[   14021ms] [ERROR] Failed to load resource: the server responded with a status of 401 () @ https://jolly-sea-014792b10.6.azurestaticapps.net/api/arb/reviews/cnbc-landing-zone:0
[32494936ms] [WARNING] The resource https://jolly-sea-014792b10.6.azurestaticapps.net/_next/static/css/152a4af479254494.css was preloaded using link preload but not used within a few seconds from the window's load event. Please make sure it has an appropriate `as` value and it is preloaded intentionally. @ https://jolly-sea-014792b10.6.azurestaticapps.net/arb?reviewId=cnbc-landing-zone&step=findings:0
[32505516ms] [INFO] BSSO Telemetry: {"result":"Error","error":"NoExtension","type":"ChromeSsoTelemetry","data":{},"traces":["BrowserSSO Initialized","Creating ChromeBrowserCore provider","Sending message for method CreateProviderAsync","Received message for method CreateProviderAsync","Error: ChromeBrowserCore error NoExtension: Extension is not installed."]} @ https://aadcdn.msauth.net/shared/1.0/content/js/BssoInterrupt_Core_eE2DYJlsHKgq7xFfjkmMww2.js:17
[32505707ms] [ERROR] Failed to load resource: the server responded with a status of 404 () @ https://login.microsoftonline.com/favicon.ico:0
[32516808ms] [VERBOSE] [DOM] Input elements should have autocomplete attributes (suggested: "current-password"): (More info: https://goo.gl/9p2vKq) %o @ https://login.microsoftonline.com/common/oauth2/v2.0/authorize?response_type=code+id_token&redirect_uri=https%3A%2F%2Fidentity.6.azurestaticapps.net%2F.auth%2Flogin%2Faad%2Fcallback&client_id=d414ee2d-73e5-4e5b-bb16-03ef55fea597&scope=openid+profile+email&response_mode=form_post&nonce=e990df30df664ea9b8496cb994b30365_20260413050516&state=redir%3D%252F.auth%252Flogin%252Fdone&sso_reload=true:0
[32967608ms] [ERROR] Failed to load resource: the server responded with a status of 401 (Unauthorized) @ https://autologon.microsoftazuread-sso.com/upendra25312gmail.onmicrosoft.com/winauth/ssoprobe?client-request-id=f1a30fe5-6568-4211-9f65-cb9e462bd544&_=1776056877703:0
[32967635ms] Uncaught (in promise) undefined
    at R.n.desktopSsoRequestControl_onFailure (https://aadcdn.msftauth.net/shared/1.0/content/js/asyncchunk/convergedlogin_pfetchsessionsprogress_fac053f592dc42159692.js:13:6678)
    at <anonymous> (https://aadcdn.msftauth.net/shared/1.0/content/js/ConvergedLogin_PCore_iXvvVEAQxmEXtWhahp1L2Q2.js:17:68872)
    at <anonymous> (https://aadcdn.msftauth.net/shared/1.0/content/js/ConvergedLogin_PCore_iXvvVEAQxmEXtWhahp1L2Q2.js:12:41269)
    at notifySubscribers (https://aadcdn.msftauth.net/shared/1.0/content/js/ConvergedLogin_PCore_iXvvVEAQxmEXtWhahp1L2Q2.js:17:16185)
    at xa (https://aadcdn.msftauth.net/shared/1.0/content/js/ConvergedLogin_PCore_iXvvVEAQxmEXtWhahp1L2Q2.js:17:18542)
    at n (https://aadcdn.msftauth.net/shared/1.0/content/js/ConvergedLogin_PCore_iXvvVEAQxmEXtWhahp1L2Q2.js:17:18281)
    at a (https://aadcdn.msftauth.net/shared/1.0/content/js/ConvergedLogin_PCore_iXvvVEAQxmEXtWhahp1L2Q2.js:12:41078)
    at O (https://aadcdn.msftauth.net/shared/1.0/content/js/asyncchunk/convergedlogin_pfetchsessionsprogress_fac053f592dc42159692.js:13:10054)
    at A.e.onerror (https://aadcdn.msftauth.net/shared/1.0/content/js/asyncchunk/convergedlogin_pfetchsessionsprogress_fac053f592dc42159692.js:13:8946)
[32967611ms] [LOG] true @ https://login.live.com/Me.htm?v=3:0
[32967800ms] [LOG] Storage access: true @ https://login.live.com/Me.htm?v=3:0
[32968352ms] [VERBOSE] [DOM] Input elements should have autocomplete attributes (suggested: "username"): (More info: https://goo.gl/9p2vKq) %o @ https://login.microsoftonline.com/common/oauth2/v2.0/authorize?response_type=code+id_token&redirect_uri=https%3A%2F%2Fidentity.6.azurestaticapps.net%2F.auth%2Flogin%2Faad%2Fcallback&client_id=d414ee2d-73e5-4e5b-bb16-03ef55fea597&scope=openid+profile+email&response_mode=form_post&nonce=e990df30df664ea9b8496cb994b30365_20260413050516&state=redir%3D%252F.auth%252Flogin%252Fdone&sso_reload=true:0
[32983533ms] [LOG] true @ https://login.live.com/Me.htm?v=3:0
[32983540ms] [LOG] Storage access: true @ https://login.live.com/Me.htm?v=3:0
[32984521ms] [ERROR] Failed to load resource: the server responded with a status of 401 () @ https://identity.6.azurestaticapps.net/.auth/login/done:0
[35274259ms] [LOG] true @ https://login.live.com/Me.htm?v=3:0
[35274259ms] [LOG] Storage access: true @ https://login.live.com/Me.htm?v=3:0
