[   13659ms] [INFO] BSSO Telemetry: {"result":"Error","error":"NoExtension","type":"ChromeSsoTelemetry","data":{},"traces":["BrowserSSO Initialized","Creating ChromeBrowserCore provider","Sending message for method CreateProviderAsync","Received message for method CreateProviderAsync","Error: ChromeBrowserCore error NoExtension: Extension is not installed."]} @ https://aadcdn.msftauth.net/shared/1.0/content/js/BssoInterrupt_Core_eE2DYJlsHKgq7xFfjkmMww2.js:17
[   15283ms] [LOG] true @ https://login.live.com/Me.htm?v=3:0
[   15295ms] [LOG] Storage access: false @ https://login.live.com/Me.htm?v=3:0
[   15670ms] [VERBOSE] [DOM] Input elements should have autocomplete attributes (suggested: "current-password"): (More info: https://goo.gl/9p2vKq) %o @ https://login.microsoftonline.com/common/oauth2/v2.0/authorize?response_type=code+id_token&redirect_uri=https%3A%2F%2Fidentity.6.azurestaticapps.net%2F.auth%2Flogin%2Faad%2Fcallback&client_id=d414ee2d-73e5-4e5b-bb16-03ef55fea597&scope=openid+profile+email&response_mode=form_post&nonce=1e03483d038a470788421491fe409066_20260413060114&state=redir%3D%252F.auth%252Flogin%252Fdone&sso_reload=true:0
[  151075ms] [LOG] true @ https://login.live.com/Me.htm?v=3:0
[  151077ms] [LOG] Storage access: false @ https://login.live.com/Me.htm?v=3:0
[  151249ms] [ERROR] Failed to load resource: the server responded with a status of 401 (Unauthorized) @ https://autologon.microsoftazuread-sso.com/upendra25312gmail.onmicrosoft.com/winauth/ssoprobe?client-request-id=3d33a40a-b674-48da-8939-a02276923dd4&_=1776059920678:0
[  151668ms] [VERBOSE] [DOM] Input elements should have autocomplete attributes (suggested: "username"): (More info: https://goo.gl/9p2vKq) %o @ https://login.microsoftonline.com/common/oauth2/v2.0/authorize?response_type=code+id_token&redirect_uri=https%3A%2F%2Fidentity.6.azurestaticapps.net%2F.auth%2Flogin%2Faad%2Fcallback&client_id=d414ee2d-73e5-4e5b-bb16-03ef55fea597&scope=openid+profile+email&response_mode=form_post&nonce=1e03483d038a470788421491fe409066_20260413060114&state=redir%3D%252F.auth%252Flogin%252Fdone&sso_reload=true:0
[  197828ms] [ERROR] Failed to load resource: the server responded with a status of 500 () @ https://jolly-sea-014792b10.6.azurestaticapps.net/api/arb/reviews:0
[  226036ms] TypeError: Cannot read properties of undefined (reading 'length')
    at https://jolly-sea-014792b10.6.azurestaticapps.net/_next/static/chunks/938-1beabaa8d3cafcf1.js:1:27644
    at Array.reduce (<anonymous>)
    at https://jolly-sea-014792b10.6.azurestaticapps.net/_next/static/chunks/938-1beabaa8d3cafcf1.js:1:27610
    at https://jolly-sea-014792b10.6.azurestaticapps.net/_next/static/chunks/938-1beabaa8d3cafcf1.js:1:41800
    at f (https://jolly-sea-014792b10.6.azurestaticapps.net/_next/static/chunks/938-1beabaa8d3cafcf1.js:1:59570)
    at l9 (https://jolly-sea-014792b10.6.azurestaticapps.net/_next/static/chunks/4bd1b696-c023c6e3521b1417.js:1:51124)
    at o_ (https://jolly-sea-014792b10.6.azurestaticapps.net/_next/static/chunks/4bd1b696-c023c6e3521b1417.js:1:70984)
    at oq (https://jolly-sea-014792b10.6.azurestaticapps.net/_next/static/chunks/4bd1b696-c023c6e3521b1417.js:1:82014)
    at ik (https://jolly-sea-014792b10.6.azurestaticapps.net/_next/static/chunks/4bd1b696-c023c6e3521b1417.js:1:114676)
    at https://jolly-sea-014792b10.6.azurestaticapps.net/_next/static/chunks/4bd1b696-c023c6e3521b1417.js:1:114521
[  231792ms] [ERROR] Failed to load resource: the server responded with a status of 404 () @ https://jolly-sea-014792b10.6.azurestaticapps.net/favicon.ico:0
[  247885ms] TypeError: Cannot read properties of undefined (reading 'length')
    at https://jolly-sea-014792b10.6.azurestaticapps.net/_next/static/chunks/938-1beabaa8d3cafcf1.js:1:27644
    at Array.reduce (<anonymous>)
    at https://jolly-sea-014792b10.6.azurestaticapps.net/_next/static/chunks/938-1beabaa8d3cafcf1.js:1:27610
    at https://jolly-sea-014792b10.6.azurestaticapps.net/_next/static/chunks/938-1beabaa8d3cafcf1.js:1:41800
    at f (https://jolly-sea-014792b10.6.azurestaticapps.net/_next/static/chunks/938-1beabaa8d3cafcf1.js:1:59570)
    at l9 (https://jolly-sea-014792b10.6.azurestaticapps.net/_next/static/chunks/4bd1b696-c023c6e3521b1417.js:1:51124)
    at o_ (https://jolly-sea-014792b10.6.azurestaticapps.net/_next/static/chunks/4bd1b696-c023c6e3521b1417.js:1:70984)
    at oq (https://jolly-sea-014792b10.6.azurestaticapps.net/_next/static/chunks/4bd1b696-c023c6e3521b1417.js:1:82014)
    at ik (https://jolly-sea-014792b10.6.azurestaticapps.net/_next/static/chunks/4bd1b696-c023c6e3521b1417.js:1:114676)
    at https://jolly-sea-014792b10.6.azurestaticapps.net/_next/static/chunks/4bd1b696-c023c6e3521b1417.js:1:114521
[13586105ms] [ERROR] Failed to load resource: the server responded with a status of 404 () @ https://jolly-sea-014792b10.6.azurestaticapps.net/api/arb/reviews/bmw-landing-zone:0
[13593391ms] [ERROR] Failed to load resource: the server responded with a status of 404 () @ https://jolly-sea-014792b10.6.azurestaticapps.net/api/arb/reviews/bmw-landing-zone:0
[13596793ms] [ERROR] Failed to load resource: the server responded with a status of 404 () @ https://jolly-sea-014792b10.6.azurestaticapps.net/api/arb/reviews/bmw-landing-zone:0
[13607729ms] [ERROR] Failed to load resource: the server responded with a status of 404 () @ https://jolly-sea-014792b10.6.azurestaticapps.net/api/arb/reviews/diagtestreview:0
[20486564ms] [LOG] true @ https://login.live.com/Me.htm?v=3:0
[20486565ms] [LOG] Storage access: false @ https://login.live.com/Me.htm?v=3:0
[20495149ms] [VERBOSE] [DOM] Password field is not contained in a form: (More info: https://goo.gl/9p2vKq) %o @ https://accounts.google.com/v3/signin/identifier?opparams=%253F&dsh=S369344055%3A1776080264673381&client_id=1078992815106-brpsupgvhheqg35tupphbh0qk9c32nq8.apps.googleusercontent.com&code_challenge=ZbKvWi4RkmVhUW-P0PlUO9ZkMKBufOuYMHqramF184U&code_challenge_method=S256&nonce=c93bccc9177ff28c18ef9b0ec6619563&o2v=2&prompt=select_account&redirect_uri=https%3A%2F%2Fgithub.com%2Fsessions%2Fsocial%2Fgoogle%2Fcallback&response_type=code&scope=openid+email+profile&service=lso&state=df91a97998b28e973ae063dbd523e03f&flowName=GeneralOAuthFlow&continue=https%3A%2F%2Faccounts.google.com%2Fsignin%2Foauth%2Fconsent%3Fauthuser%3Dunknown%26part%3DAJi8hAOKbdBGYJ5r2FDTfEz4HBhABTpNl1RMvGSS6FD7yqg36sx7bKjw9D24gf9zIIpK64rOL1cv9e60pKNmPVXnlEixjD_y4FkfkmLtSLpW3hnQHzYGGB0FjI6GytvPJ26SNjl-BkUMb_2nVuB-lle-Jm-uVRp3QM6GCqtYugmGvCVZvQVzwfMIzRIf5RoVi4mRRjVGBwolCM0Mh0L6WUFcQSzpC_ahpxX_P7vB1AwQ2Hra-JGz7g7Yb5MC_cER9FahUnHpEi0Lr72R-VY5Ge6Q-7tYjQ5ZMRjtbIrebuXkNylg345W5QLfVVEAz0BFtFt-kq1w3viM3c5NnIiLnXeeUBT1XqqwvCU_zbwSZiJ-cFsqjfcAKTtnvdovR79mM3QxtLLwZXLbWOe2CZdNf2JzQnuxJWgiZT-e0Tz_5wKKQCdM3Qgp1f5ckSf1QEjrDcsiDAVcICQ7b_ItcfBhqD4N_GYs31gYrQ%26flowName%3DGeneralOAuthFlow%26as%3DS369344055%253A1776080264673381%26client_id%3D1078992815106-brpsupgvhheqg35tupphbh0qk9c32nq8.apps.googleusercontent.com%26requestPath%3D%252Fsignin%252Foauth%252Fconsent%23&app_domain=https%3A%2F%2Fgithub.com&rart=ANgoxcew318YHoCcol71bTCewG42W-bvdVRxo9Nha0LgxHGBVzyo8AARAuanvNrSqSW3bohp-i67fAyIrnGJ1nYYkN_MP0vhLZCnThOHdBELW068dbN1kI8:0
[20495157ms] [LOG] %c%s color: red; background: yellow; font-size: 24px; WARNING! @ https://www.gstatic.com/_/mss/boq-identity/_/js/k=boq-identity.AccountsSignInUi.en_US.llpEXSAT6Ik.es5.O/am=Kf8GAABCEUgGwP__HzIAIACCaOB6FoAmEBkAAAAAAAAAALBCAAAaAQ/d=1/excm=_b,_tp,identifierview/ed=1/dg=0/wt=2/ujg=1/rs=AOaEmlGwd16Z56q10PL7BHGe8iySZmaNug/dti=1/m=_b,_tp:468
[20495157ms] [LOG] %c%s font-size: 18px; Using this console may allow attackers to impersonate you and steal your information using an attack called Self-XSS.
Do not enter or paste code that you do not understand. @ https://www.gstatic.com/_/mss/boq-identity/_/js/k=boq-identity.AccountsSignInUi.en_US.llpEXSAT6Ik.es5.O/am=Kf8GAABCEUgGwP__HzIAIACCaOB6FoAmEBkAAAAAAAAAALBCAAAaAQ/d=1/excm=_b,_tp,identifierview/ed=1/dg=0/wt=2/ujg=1/rs=AOaEmlGwd16Z56q10PL7BHGe8iySZmaNug/dti=1/m=_b,_tp:468
[20509386ms] [VERBOSE] [DOM] Password field is not contained in a form: (More info: https://goo.gl/9p2vKq) %o @ https://accounts.google.com/v3/signin/challenge/pwd?TL=AIgtPP06B97i-_yX53Oh7JhJGkCZHhFxx8Ff1yrgVjUjLtj3qd0aXoluI1H_3IwF&app_domain=https%3A%2F%2Fgithub.com&checkConnection=youtube%3A270&checkedDomains=youtube&cid=2&client_id=1078992815106-brpsupgvhheqg35tupphbh0qk9c32nq8.apps.googleusercontent.com&code_challenge=ZbKvWi4RkmVhUW-P0PlUO9ZkMKBufOuYMHqramF184U&code_challenge_method=S256&continue=https%3A%2F%2Faccounts.google.com%2Fsignin%2Foauth%2Fconsent%3Fauthuser%3Dunknown%26part%3DAJi8hAOKbdBGYJ5r2FDTfEz4HBhABTpNl1RMvGSS6FD7yqg36sx7bKjw9D24gf9zIIpK64rOL1cv9e60pKNmPVXnlEixjD_y4FkfkmLtSLpW3hnQHzYGGB0FjI6GytvPJ26SNjl-BkUMb_2nVuB-lle-Jm-uVRp3QM6GCqtYugmGvCVZvQVzwfMIzRIf5RoVi4mRRjVGBwolCM0Mh0L6WUFcQSzpC_ahpxX_P7vB1AwQ2Hra-JGz7g7Yb5MC_cER9FahUnHpEi0Lr72R-VY5Ge6Q-7tYjQ5ZMRjtbIrebuXkNylg345W5QLfVVEAz0BFtFt-kq1w3viM3c5NnIiLnXeeUBT1XqqwvCU_zbwSZiJ-cFsqjfcAKTtnvdovR79mM3QxtLLwZXLbWOe2CZdNf2JzQnuxJWgiZT-e0Tz_5wKKQCdM3Qgp1f5ckSf1QEjrDcsiDAVcICQ7b_ItcfBhqD4N_GYs31gYrQ%26flowName%3DGeneralOAuthFlow%26as%3DS369344055%253A1776080264673381%26client_id%3D1078992815106-brpsupgvhheqg35tupphbh0qk9c32nq8.apps.googleusercontent.com%26requestPath%3D%252Fsignin%252Foauth%252Fconsent%23&dsh=S369344055%3A1776080264673381&flowName=GeneralOAuthFlow&nonce=c93bccc9177ff28c18ef9b0ec6619563&o2v=2&opparams=%253F&prompt=select_account&pstMsg=1&rart=ANgoxcew318YHoCcol71bTCewG42W-bvdVRxo9Nha0LgxHGBVzyo8AARAuanvNrSqSW3bohp-i67fAyIrnGJ1nYYkN_MP0vhLZCnThOHdBELW068dbN1kI8&redirect_uri=https%3A%2F%2Fgithub.com%2Fsessions%2Fsocial%2Fgoogle%2Fcallback&response_type=code&scope=openid%20email%20profile&service=lso&state=df91a97998b28e973ae063dbd523e03f:0
